{
    "absolute_path_to_file_in_container": "/flacoco/src/main/java/fr/spoonlabs/flacoco/core/coverage/framework/TestFrameworkStrategy.java",
    "errors": [
        {
            "line_number": 92,
            "message": "[ERROR] /flacoco/src/main/java/fr/spoonlabs/flacoco/core/coverage/framework/TestFrameworkStrategy.java:[92,119] cannot find symbol",
            "additional_info": "  symbol:   method getWildcard()\n  location: class org.apache.maven.surefire.api.testset.TestListResolver",
            "file_name": "TestFrameworkStrategy.java",
            "uid": "d18f428a-6e84-53e6-8cfc-38d0d057753b"
        },
        {
            "line_number": 97,
            "message": "[ERROR] /flacoco/src/main/java/fr/spoonlabs/flacoco/core/coverage/framework/TestFrameworkStrategy.java:[97,127] cannot find symbol",
            "additional_info": "  symbol:   method getWildcard()\n  location: class org.apache.maven.surefire.api.testset.TestListResolver",
            "file_name": "TestFrameworkStrategy.java",
            "uid": "d18f428a-6e84-53e6-8cfc-38d0d057753b"
        }
    ],
    "prompt": "Act as an Automatic Program Repair (APR) tool, reply only with code, without explanation. \nYou are specialized in breaking dependency updates, in which the failure is caused by an external dependency. \nTo solve the failure you can only work on the client code.\n\nthe following client code fails: \n'''java\npackage fr.spoonlabs.flacoco.core.coverage.framework;\n\n\nimport eu.stamp_project.testrunner.EntryPoint;\nimport eu.stamp_project.testrunner.listener.CoveredTestResultPerTestMethod;\nimport eu.stamp_project.testrunner.runner.ParserOptions;\nimport fr.spoonlabs.flacoco.core.config.FlacocoConfig;\nimport fr.spoonlabs.flacoco.core.test.TestContext;\nimport org.apache.log4j.Logger;\nimport org.apache.maven.plugin.surefire.util.DirectoryScanner;\nimport org.apache.maven.surefire.api.testset.TestListResolver;\n\nimport java.io.File;\nimport java.util.concurrent.TimeoutException;\n\npublic abstract class TestFrameworkStrategy {\n\n\tprivate static final Logger logger = Logger.getLogger(TestFrameworkStrategy.class);\n\n\tprotected FlacocoConfig config;\n\n\tpublic TestFrameworkStrategy(FlacocoConfig flacocoConfig) {\n\t\tthis.config = flacocoConfig;\n\t}\n\n\tpublic abstract CoveredTestResultPerTestMethod execute(TestContext testContext) throws TimeoutException;\n\n\t/**\n\t * Auxiliary method to setup test-runners default options\n\t */\n\tprotected void setupTestRunnerEntryPoint() {\n\t\tEntryPoint.useOptionsFile = true;\n\t\tEntryPoint.coverageDetail = ParserOptions.CoverageTransformerDetail.DETAIL_COMPRESSED;\n\t\tEntryPoint.workingDirectory = new File(config.getWorkspace());\n\t\tEntryPoint.verbose = config.isTestRunnerVerbose();\n\t\tEntryPoint.timeoutInMs = config.getTestRunnerTimeoutInMs();\n\t\tEntryPoint.JVMArgs = config.getTestRunnerJVMArgs();\n\t\tEntryPoint.jUnit5Mode = false;\n\t\tif (!config.getJacocoIncludes().isEmpty()) {\n\t\t\tEntryPoint.jacocoAgentIncludes =\n\t\t\t\t\tconfig.getJacocoIncludes().stream().reduce((x, y) -> x + \":\" + y).orElse(\"\");\n\t\t} else {\n\t\t\tEntryPoint.jacocoAgentIncludes = this.computeJacocoIncludes();\n\t\t}\n\t\tif (!config.getJacocoIncludes().isEmpty()) {\n\t\t\tEntryPoint.jacocoAgentExcludes =\n\t\t\t\t\tconfig.getJacocoExcludes().stream().reduce((x, y) -> x + \":\" + y).orElse(\"\");\n\t\t}\n\t}\n\n\t/**\n\t * Auxiliary method to compute the classpath according to the test framework and the custom confirguration\n\t *\n\t * @return Classpath for test-runner execution\n\t */\n\tprotected String computeClasspath() {\n\t\tString classpath = config.getClasspath() + File.pathSeparatorChar\n\t\t\t\t+ config.getBinJavaDir().stream().reduce((x, y) -> x + File.pathSeparatorChar + y).orElse(\"\") + File.pathSeparatorChar\n\t\t\t\t+ config.getBinTestDir().stream().reduce((x, y) -> x + File.pathSeparatorChar + y).orElse(\"\");\n\t\tString mavenHome = config.getMavenHome();\n\t\tString junitClasspath;\n\t\tString jacocoClassPath;\n\n\t\tjunitClasspath = mavenHome + \"junit/junit/4.13.2/junit-4.13.2.jar\" + File.pathSeparatorChar\n\t\t\t\t+ mavenHome + \"org/hamcrest/hamcrest-core/1.3/hamcrest-core-1.3.jar\" + File.pathSeparatorChar\n\t\t\t\t+ mavenHome + \"org/junit/jupiter/junit-jupiter-api/5.3.2/junit-jupiter-api-5.3.2.jar\" + File.pathSeparatorChar\n\t\t\t\t+ mavenHome + \"org/apiguardian/apiguardian-api/1.0.0/apiguardian-api-1.0.0.jar\" + File.pathSeparatorChar\n\t\t\t\t+ mavenHome + \"org/opentest4j/opentest4j/1.1.1/opentest4j-1.1.1.jar\" + File.pathSeparatorChar\n\t\t\t\t+ mavenHome + \"org/junit/platform/junit-platform-commons/1.3.2/junit-platform-commons-1.3.2.jar\" + File.pathSeparatorChar\n\t\t\t\t+ mavenHome + \"org/junit/jupiter/junit-jupiter-engine/5.3.2/junit-jupiter-engine-5.3.2.jar\" + File.pathSeparatorChar\n\t\t\t\t+ mavenHome + \"org/junit/jupiter/junit-jupiter-params/5.3.2/junit-jupiter-params-5.3.2.jar\" + File.pathSeparatorChar\n\t\t\t\t+ mavenHome + \"org/junit/platform/junit-platform-engine/1.3.2/junit-platform-engine-1.3.2.jar\" + File.pathSeparatorChar\n\t\t\t\t+ mavenHome + \"org/junit/platform/junit-platform-launcher/1.3.2/junit-platform-launcher-1.3.2.jar\";\n\n\t\tjacocoClassPath = mavenHome + \"org/jacoco/org.jacoco.core/0.8.8/org.jacoco.core-0.8.8.jar\";\n\n\t\t// Add JUnit dependencies\n\t\tif (config.getCustomJUnitClasspath() != null)\n\t\t\tjunitClasspath = config.getCustomJUnitClasspath();\n\t\t// Add jacoco dependencies\n\t\tif (config.getCustomJacocoClasspath() != null)\n\t\t\tjacocoClassPath = config.getCustomJacocoClasspath();\n\n\t\treturn junitClasspath + File.pathSeparatorChar\n\t\t\t\t+ jacocoClassPath + File.pathSeparatorChar\n\t\t\t\t+ classpath + File.pathSeparatorChar;\n\t}\n\n\tprotected String computeJacocoIncludes() {\n\t\tStringBuilder includes = new StringBuilder();\n\t\tfor (String directory : config.getBinJavaDir()) {\n\t\t\tDirectoryScanner directoryScanner = new DirectoryScanner(new File(directory), TestListResolver.getWildcard());\n\t\t\tincludes.append(\":\").append(directoryScanner.scan().getClasses().stream().reduce((x, y) -> x + \":\" + y).orElse(\"\"));\n\t\t}\n\t\tif (config.isCoverTests()) {\n\t\t\tfor (String directory : config.getBinTestDir()) {\n\t\t\t\tDirectoryScanner directoryScanner = new DirectoryScanner(new File(directory), TestListResolver.getWildcard());\n\t\t\t\tincludes.append(\":\").append(directoryScanner.scan().getClasses().stream().reduce((x, y) -> x + \":\" + y).orElse(\"\"));\n\t\t\t}\n\t\t}\n\t\treturn includes.toString();\n\t}\n\n}\n\n'''\nthe error is triggered in the following specific lines in the previous code:\n\t\t\tDirectoryScanner directoryScanner = new DirectoryScanner(new File(directory), TestListResolver.getWildcard());\n\t\t\t\tDirectoryScanner directoryScanner = new DirectoryScanner(new File(directory), TestListResolver.getWildcard());\nwith the following error message:\n[ERROR] /flacoco/src/main/java/fr/spoonlabs/flacoco/core/coverage/framework/TestFrameworkStrategy.java:[92,119] cannot find symbol  symbol:   method getWildcard()\n  location: class org.apache.maven.surefire.api.testset.TestListResolver\n[ERROR] /flacoco/src/main/java/fr/spoonlabs/flacoco/core/coverage/framework/TestFrameworkStrategy.java:[97,127] cannot find symbol  symbol:   method getWildcard()\n  location: class org.apache.maven.surefire.api.testset.TestListResolver\nThe error is caused by a change in the API of the dependency: maven-surefire-common 3.0.0-M5->3.0.0-M7. The new library version includes the following changes:\nFormat: element | nature | kind\norg.apache.maven.plugin.surefire.report.TestSetRunListener.<init> | DELETION | CONSTRUCTOR_REMOVED\norg.apache.maven.plugin.surefire.booterclient.output.NativeStdOutStreamConsumer.<init> | DELETION | CONSTRUCTOR_REMOVED\norg.apache.maven.plugin.surefire.InPluginVMSurefireStarter.<init> | DELETION | CONSTRUCTOR_REMOVED\norg.apache.maven.plugin.surefire.booterclient.output.NativeStdErrStreamConsumer.<init> | DELETION | CONSTRUCTOR_REMOVED\norg.apache.maven.plugin.surefire.extensions.EventConsumerThread.<init> | DELETION | CONSTRUCTOR_REMOVED\n\n- Identify the specific API changes that are causing the failure in the client code. \n- Compare the old and new API versions, noting any changes in method signatures, return types, or parameter lists. \n- Determine which parts of the client code need to be updated to accommodate these API changes. \n- Consider any constraints or requirements for the fix (e.g., not changing function signatures, potential import adjustments). \n- Plan the minimal set of changes needed to fix the issue while keeping the code functional and compliant with the new API. \n- Consider potential side effects of the proposed changes on other parts of the code. \n- Ensure that the planned changes will result in a complete and compilable class. \n- If applicable, note any additional imports that may be needed due to the API changes.  \n- Return only a complete and compilable class in a fenced code block. \n- You CANNOT change the function signature of any method but may create variables if it simplifies the code. \n- You CAN remove the @Override annotation IF AND ONLY IF the method no longer overrides a method in the updated dependency version. \n- If fixing the issue requires addressing missing imports, ensure the correct package or class is used in accordance with the newer dependency version. \n- Avoid removing any existing code unless it directly causes a compilation or functionality error. \n- Return only the entire fixed class, ensuring it fully compiles and adheres to these constraints.",
    "buggy_lines": "\t\t\tDirectoryScanner directoryScanner = new DirectoryScanner(new File(directory), TestListResolver.getWildcard());\n\t\t\t\tDirectoryScanner directoryScanner = new DirectoryScanner(new File(directory), TestListResolver.getWildcard());",
    "error_message": "[ERROR] /flacoco/src/main/java/fr/spoonlabs/flacoco/core/coverage/framework/TestFrameworkStrategy.java:[92,119] cannot find symbol  symbol:   method getWildcard()\n  location: class org.apache.maven.surefire.api.testset.TestListResolver\n[ERROR] /flacoco/src/main/java/fr/spoonlabs/flacoco/core/coverage/framework/TestFrameworkStrategy.java:[97,127] cannot find symbol  symbol:   method getWildcard()\n  location: class org.apache.maven.surefire.api.testset.TestListResolver",
    "api_diff": "Format: element | nature | kind\norg.apache.maven.plugin.surefire.report.TestSetRunListener.<init> | DELETION | CONSTRUCTOR_REMOVED\norg.apache.maven.plugin.surefire.booterclient.output.NativeStdOutStreamConsumer.<init> | DELETION | CONSTRUCTOR_REMOVED\norg.apache.maven.plugin.surefire.InPluginVMSurefireStarter.<init> | DELETION | CONSTRUCTOR_REMOVED\norg.apache.maven.plugin.surefire.booterclient.output.NativeStdErrStreamConsumer.<init> | DELETION | CONSTRUCTOR_REMOVED\norg.apache.maven.plugin.surefire.extensions.EventConsumerThread.<init> | DELETION | CONSTRUCTOR_REMOVED",
    "original_code": "package fr.spoonlabs.flacoco.core.coverage.framework;\n\n\nimport eu.stamp_project.testrunner.EntryPoint;\nimport eu.stamp_project.testrunner.listener.CoveredTestResultPerTestMethod;\nimport eu.stamp_project.testrunner.runner.ParserOptions;\nimport fr.spoonlabs.flacoco.core.config.FlacocoConfig;\nimport fr.spoonlabs.flacoco.core.test.TestContext;\nimport org.apache.log4j.Logger;\nimport org.apache.maven.plugin.surefire.util.DirectoryScanner;\nimport org.apache.maven.surefire.api.testset.TestListResolver;\n\nimport java.io.File;\nimport java.util.concurrent.TimeoutException;\n\npublic abstract class TestFrameworkStrategy {\n\n\tprivate static final Logger logger = Logger.getLogger(TestFrameworkStrategy.class);\n\n\tprotected FlacocoConfig config;\n\n\tpublic TestFrameworkStrategy(FlacocoConfig flacocoConfig) {\n\t\tthis.config = flacocoConfig;\n\t}\n\n\tpublic abstract CoveredTestResultPerTestMethod execute(TestContext testContext) throws TimeoutException;\n\n\t/**\n\t * Auxiliary method to setup test-runners default options\n\t */\n\tprotected void setupTestRunnerEntryPoint() {\n\t\tEntryPoint.useOptionsFile = true;\n\t\tEntryPoint.coverageDetail = ParserOptions.CoverageTransformerDetail.DETAIL_COMPRESSED;\n\t\tEntryPoint.workingDirectory = new File(config.getWorkspace());\n\t\tEntryPoint.verbose = config.isTestRunnerVerbose();\n\t\tEntryPoint.timeoutInMs = config.getTestRunnerTimeoutInMs();\n\t\tEntryPoint.JVMArgs = config.getTestRunnerJVMArgs();\n\t\tEntryPoint.jUnit5Mode = false;\n\t\tif (!config.getJacocoIncludes().isEmpty()) {\n\t\t\tEntryPoint.jacocoAgentIncludes =\n\t\t\t\t\tconfig.getJacocoIncludes().stream().reduce((x, y) -> x + \":\" + y).orElse(\"\");\n\t\t} else {\n\t\t\tEntryPoint.jacocoAgentIncludes = this.computeJacocoIncludes();\n\t\t}\n\t\tif (!config.getJacocoIncludes().isEmpty()) {\n\t\t\tEntryPoint.jacocoAgentExcludes =\n\t\t\t\t\tconfig.getJacocoExcludes().stream().reduce((x, y) -> x + \":\" + y).orElse(\"\");\n\t\t}\n\t}\n\n\t/**\n\t * Auxiliary method to compute the classpath according to the test framework and the custom confirguration\n\t *\n\t * @return Classpath for test-runner execution\n\t */\n\tprotected String computeClasspath() {\n\t\tString classpath = config.getClasspath() + File.pathSeparatorChar\n\t\t\t\t+ config.getBinJavaDir().stream().reduce((x, y) -> x + File.pathSeparatorChar + y).orElse(\"\") + File.pathSeparatorChar\n\t\t\t\t+ config.getBinTestDir().stream().reduce((x, y) -> x + File.pathSeparatorChar + y).orElse(\"\");\n\t\tString mavenHome = config.getMavenHome();\n\t\tString junitClasspath;\n\t\tString jacocoClassPath;\n\n\t\tjunitClasspath = mavenHome + \"junit/junit/4.13.2/junit-4.13.2.jar\" + File.pathSeparatorChar\n\t\t\t\t+ mavenHome + \"org/hamcrest/hamcrest-core/1.3/hamcrest-core-1.3.jar\" + File.pathSeparatorChar\n\t\t\t\t+ mavenHome + \"org/junit/jupiter/junit-jupiter-api/5.3.2/junit-jupiter-api-5.3.2.jar\" + File.pathSeparatorChar\n\t\t\t\t+ mavenHome + \"org/apiguardian/apiguardian-api/1.0.0/apiguardian-api-1.0.0.jar\" + File.pathSeparatorChar\n\t\t\t\t+ mavenHome + \"org/opentest4j/opentest4j/1.1.1/opentest4j-1.1.1.jar\" + File.pathSeparatorChar\n\t\t\t\t+ mavenHome + \"org/junit/platform/junit-platform-commons/1.3.2/junit-platform-commons-1.3.2.jar\" + File.pathSeparatorChar\n\t\t\t\t+ mavenHome + \"org/junit/jupiter/junit-jupiter-engine/5.3.2/junit-jupiter-engine-5.3.2.jar\" + File.pathSeparatorChar\n\t\t\t\t+ mavenHome + \"org/junit/jupiter/junit-jupiter-params/5.3.2/junit-jupiter-params-5.3.2.jar\" + File.pathSeparatorChar\n\t\t\t\t+ mavenHome + \"org/junit/platform/junit-platform-engine/1.3.2/junit-platform-engine-1.3.2.jar\" + File.pathSeparatorChar\n\t\t\t\t+ mavenHome + \"org/junit/platform/junit-platform-launcher/1.3.2/junit-platform-launcher-1.3.2.jar\";\n\n\t\tjacocoClassPath = mavenHome + \"org/jacoco/org.jacoco.core/0.8.8/org.jacoco.core-0.8.8.jar\";\n\n\t\t// Add JUnit dependencies\n\t\tif (config.getCustomJUnitClasspath() != null)\n\t\t\tjunitClasspath = config.getCustomJUnitClasspath();\n\t\t// Add jacoco dependencies\n\t\tif (config.getCustomJacocoClasspath() != null)\n\t\t\tjacocoClassPath = config.getCustomJacocoClasspath();\n\n\t\treturn junitClasspath + File.pathSeparatorChar\n\t\t\t\t+ jacocoClassPath + File.pathSeparatorChar\n\t\t\t\t+ classpath + File.pathSeparatorChar;\n\t}\n\n\tprotected String computeJacocoIncludes() {\n\t\tStringBuilder includes = new StringBuilder();\n\t\tfor (String directory : config.getBinJavaDir()) {\n\t\t\tDirectoryScanner directoryScanner = new DirectoryScanner(new File(directory), TestListResolver.getWildcard());\n\t\t\tincludes.append(\":\").append(directoryScanner.scan().getClasses().stream().reduce((x, y) -> x + \":\" + y).orElse(\"\"));\n\t\t}\n\t\tif (config.isCoverTests()) {\n\t\t\tfor (String directory : config.getBinTestDir()) {\n\t\t\t\tDirectoryScanner directoryScanner = new DirectoryScanner(new File(directory), TestListResolver.getWildcard());\n\t\t\t\tincludes.append(\":\").append(directoryScanner.scan().getClasses().stream().reduce((x, y) -> x + \":\" + y).orElse(\"\"));\n\t\t\t}\n\t\t}\n\t\treturn includes.toString();\n\t}\n\n}\n",
    "project": "flacoco",
    "libraryName": "maven-surefire-common",
    "libraryGroupID": "org.apache.maven.surefire",
    "newVersion": "3.0.0-M7",
    "previousVersion": "3.0.0-M5",
    "breakingCommit": "b8f92ff37d1aed054d8320283fd6d6a492703a55"
}